<?xml version="1.0" encoding="UTF-8"?>
<testng-results skipped="0" failed="0" total="4" passed="4">
  <reporter-output>
  </reporter-output>
  <suite name="Default suite" duration-ms="40" started-at="2019-09-08T08:37:40Z" finished-at="2019-09-08T08:37:40Z">
    <groups>
    </groups>
    <test name="Default test" duration-ms="40" started-at="2019-09-08T08:37:40Z" finished-at="2019-09-08T08:37:40Z">
      <class name="NewTest.Git11">
        <test-method status="PASS" signature="login()[pri:0, instance:NewTest.Git11@2be94b0f]" name="login" duration-ms="14" started-at="2019-09-08T14:07:40Z" finished-at="2019-09-08T14:07:40Z">
          <reporter-output>
          </reporter-output>
        </test-method> <!-- login -->
        <test-method status="PASS" signature="logoff()[pri:0, instance:NewTest.Git11@2be94b0f]" name="logoff" duration-ms="1" started-at="2019-09-08T14:07:40Z" finished-at="2019-09-08T14:07:40Z">
          <reporter-output>
          </reporter-output>
        </test-method> <!-- logoff -->
        <test-method status="PASS" signature="testA()[pri:0, instance:NewTest.Git11@2be94b0f]" name="testA" duration-ms="1" started-at="2019-09-08T14:07:40Z" finished-at="2019-09-08T14:07:40Z">
          <reporter-output>
          </reporter-output>
        </test-method> <!-- testA -->
        <test-method status="PASS" signature="testB()[pri:0, instance:NewTest.Git11@2be94b0f]" name="testB" duration-ms="1" started-at="2019-09-08T14:07:40Z" depends-on-methods="NewTest.Git11.login" finished-at="2019-09-08T14:07:40Z">
          <reporter-output>
          </reporter-output>
        </test-method> <!-- testB -->
      </class> <!-- NewTest.Git11 -->
    </test> <!-- Default test -->
  </suite> <!-- Default suite -->
</testng-results>
