<?xml version="1.0" encoding="UTF-8"?>
<!-- Generated by org.testng.reporters.JUnitXMLReporter -->
<testsuite hostname="DESKTOP-0KRSMVL" name="Default test" tests="4" failures="0" timestamp="8 Sep 2019 08:51:15 GMT" time="0.063" errors="0">
  <testcase name="login" time="0.019" classname="NewTest.Git2"/>
  <testcase name="logoff" time="0.002" classname="NewTest.Git2"/>
  <testcase name="testA" time="0.004" classname="NewTest.Git2"/>
  <testcase name="testB" time="0.001" classname="NewTest.Git2"/>
</testsuite> <!-- Default test -->
